<?xml version="1.0" encoding="UTF-8"?>
<!-- Generated by org.testng.reporters.JUnitReportReporter -->
<testsuite hostname="DESKTOP-SBUL904" failures="0" tests="1" name="org.example.AppTest" time="6.525" errors="0" timestamp="2023-04-21T10:11:23 IST" skipped="0">
  <testcase classname="org.example.AppTest" name="SampleTest" time="6.525"/>
  <system-out/>
</testsuite> <!-- org.example.AppTest -->
